<?xml version="1.0" encoding="UTF-8"?>
<!-- Generated by org.testng.reporters.JUnitXMLReporter -->
<testsuite ignored="0" hostname="DESKTOP-GVKU7GV" failures="0" tests="8" name="Test" time="0.186" errors="0" timestamp="2025-03-17T14:58:57 IST">
  <testcase classname="pac2.orgTest" name="NewOrgPageinfo" time="0.022"/>
  <testcase classname="pac2.orgTest" name="createOrgtest" time="0.008"/>
  <testcase classname="pac2.orgTest" name="modifyOrgtest" time="0.006"/>
  <testcase classname="pac1.ContactTest" name="A" time="0.001"/>
  <testcase classname="pac1.ContactTest" name="B" time="0.003"/>
  <testcase classname="pac1.ContactTest" name="C" time="0.011"/>
  <testcase classname="pac1.ContactTest" name="createContacttest" time="0.004"/>
  <testcase classname="pac1.ContactTest" name="modifyContacttest" time="0.003"/>
</testsuite> <!-- Test -->
