<?xml version="1.0" encoding="UTF-8"?>
<testng-results ignored="0" total="3" passed="3" failed="0" skipped="0">
  <reporter-output>
  </reporter-output>
  <suite started-at="2025-03-17T15:12:46 IST" name="Suite" finished-at="2025-03-17T15:12:46 IST" duration-ms="106">
    <groups>
    </groups>
    <test started-at="2025-03-17T15:12:46 IST" name="Test" finished-at="2025-03-17T15:12:46 IST" duration-ms="106">
      <class name="pac2.orgTest">
        <test-method signature="NewOrgPageinfo()[pri:0, instance:pac2.orgTest@6adbc9d]" started-at="2025-03-17T15:12:46 IST" name="NewOrgPageinfo" finished-at="2025-03-17T15:12:46 IST" duration-ms="18" status="PASS">
          <reporter-output>
          </reporter-output>
        </test-method> <!-- NewOrgPageinfo -->
        <test-method signature="createOrgtest()[pri:0, instance:pac2.orgTest@6adbc9d]" started-at="2025-03-17T15:12:46 IST" name="createOrgtest" finished-at="2025-03-17T15:12:46 IST" duration-ms="3" status="PASS">
          <reporter-output>
          </reporter-output>
        </test-method> <!-- createOrgtest -->
        <test-method signature="modifyOrgtest()[pri:0, instance:pac2.orgTest@6adbc9d]" started-at="2025-03-17T15:12:46 IST" name="modifyOrgtest" finished-at="2025-03-17T15:12:46 IST" duration-ms="3" status="PASS">
          <reporter-output>
          </reporter-output>
        </test-method> <!-- modifyOrgtest -->
      </class> <!-- pac2.orgTest -->
    </test> <!-- Test -->
  </suite> <!-- Suite -->
</testng-results>
