<?xml version="1.0" encoding="UTF-8"?>
<testng-results ignored="0" total="8" passed="8" failed="0" skipped="0">
  <reporter-output>
  </reporter-output>
  <suite started-at="2025-03-17T15:07:31 IST" name="Default suite" finished-at="2025-03-17T15:07:31 IST" duration-ms="198">
    <groups>
    </groups>
    <test started-at="2025-03-17T15:07:31 IST" name="Default test" finished-at="2025-03-17T15:07:31 IST" duration-ms="198">
      <class name="pac2.orgTest">
        <test-method signature="NewOrgPageinfo()[pri:0, instance:pac2.orgTest@35e2d654]" started-at="2025-03-17T15:07:31 IST" name="NewOrgPageinfo" finished-at="2025-03-17T15:07:31 IST" duration-ms="9" status="PASS">
          <reporter-output>
          </reporter-output>
        </test-method> <!-- NewOrgPageinfo -->
        <test-method signature="createOrgtest()[pri:0, instance:pac2.orgTest@35e2d654]" started-at="2025-03-17T15:07:31 IST" name="createOrgtest" finished-at="2025-03-17T15:07:31 IST" duration-ms="8" status="PASS">
          <reporter-output>
          </reporter-output>
        </test-method> <!-- createOrgtest -->
        <test-method signature="modifyOrgtest()[pri:0, instance:pac2.orgTest@35e2d654]" started-at="2025-03-17T15:07:31 IST" name="modifyOrgtest" finished-at="2025-03-17T15:07:31 IST" duration-ms="8" status="PASS">
          <reporter-output>
          </reporter-output>
        </test-method> <!-- modifyOrgtest -->
      </class> <!-- pac2.orgTest -->
      <class name="pac1.ContactTest">
        <test-method signature="A()[pri:0, instance:pac1.ContactTest@6069db50]" started-at="2025-03-17T15:07:31 IST" name="A" finished-at="2025-03-17T15:07:31 IST" duration-ms="18" status="PASS">
          <reporter-output>
          </reporter-output>
        </test-method> <!-- A -->
        <test-method signature="B()[pri:0, instance:pac1.ContactTest@6069db50]" started-at="2025-03-17T15:07:31 IST" name="B" finished-at="2025-03-17T15:07:31 IST" duration-ms="3" status="PASS">
          <reporter-output>
          </reporter-output>
        </test-method> <!-- B -->
        <test-method signature="C()[pri:0, instance:pac1.ContactTest@6069db50]" started-at="2025-03-17T15:07:31 IST" name="C" finished-at="2025-03-17T15:07:31 IST" duration-ms="4" status="PASS">
          <reporter-output>
          </reporter-output>
        </test-method> <!-- C -->
        <test-method signature="createContacttest()[pri:0, instance:pac1.ContactTest@6069db50]" started-at="2025-03-17T15:07:31 IST" name="createContacttest" finished-at="2025-03-17T15:07:31 IST" duration-ms="2" status="PASS">
          <reporter-output>
          </reporter-output>
        </test-method> <!-- createContacttest -->
        <test-method signature="modifyContacttest()[pri:0, instance:pac1.ContactTest@6069db50]" started-at="2025-03-17T15:07:31 IST" name="modifyContacttest" finished-at="2025-03-17T15:07:31 IST" duration-ms="4" status="PASS">
          <reporter-output>
          </reporter-output>
        </test-method> <!-- modifyContacttest -->
      </class> <!-- pac1.ContactTest -->
    </test> <!-- Default test -->
  </suite> <!-- Default suite -->
</testng-results>
