<?xml version="1.0" encoding="UTF-8"?>
<!-- Generated by org.testng.reporters.JUnitXMLReporter -->
<testsuite ignored="0" hostname="DESKTOP-GVKU7GV" failures="0" tests="4" name="Surefire test" time="0.098" errors="0" timestamp="2025-03-13T16:30:39 IST">
  <testcase classname="pac1.ContactTest" name="createContacttest" time="0.008"/>
  <testcase classname="pac1.ContactTest" name="modifyContacttest" time="0.001"/>
  <testcase classname="pac2.orgTest" name="createOrgtest" time="0.006"/>
  <testcase classname="pac2.orgTest" name="modifyOrgtest" time="0.001"/>
</testsuite> <!-- Surefire test -->
