<?xml version="1.0" encoding="UTF-8"?>
<testsuite xmlns:xsi="http://www.w3.org/2001/XMLSchema-instance" xsi:noNamespaceSchemaLocation="https://maven.apache.org/surefire/maven-surefire-plugin/xsd/surefire-test-report-3.0.xsd" version="3.0" name="TestSuite" time="0.794" tests="4" errors="0" skipped="0" failures="0">
  <properties>
[...]
</properties>
  <testcase name="createContacttest" classname="pac1.ContactTest" time="0.01">
    <system-out><![CDATA[createContact
]]></system-out>
    <system-err><![CDATA[SLF4J: Failed to load class "org.slf4j.impl.StaticLoggerBinder".
SLF4J: Defaulting to no-operation (NOP) logger implementation
SLF4J: See http://www.slf4j.org/codes.html#StaticLoggerBinder for further details.
]]></system-err>
  </testcase>
  <testcase name="modifyContacttest" classname="pac1.ContactTest" time="0.002">
    <system-out><![CDATA[modifyContact
]]></system-out>
  </testcase>
  <testcase name="createOrgtest" classname="pac2.orgTest" time="0.002">
    <system-out><![CDATA[createContact
]]></system-out>
  </testcase>
  <testcase name="modifyOrgtest" classname="pac2.orgTest" time="0.002">
    <system-out><![CDATA[modifyContact
]]></system-out>
  </testcase>
</testsuite>