<?xml version="1.0" encoding="UTF-8"?>
<testng-results ignored="0" total="4" passed="4" failed="0" skipped="0">
  <reporter-output>
  </reporter-output>
  <suite started-at="2025-03-13T16:30:39 IST" name="Surefire suite" finished-at="2025-03-13T16:30:39 IST" duration-ms="98">
    <groups>
    </groups>
    <test started-at="2025-03-13T16:30:39 IST" name="Surefire test" finished-at="2025-03-13T16:30:39 IST" duration-ms="98">
      <class name="pac2.orgTest">
        <test-method signature="createOrgtest()[pri:0, instance:pac2.orgTest@5276e6b0]" started-at="2025-03-13T16:30:39 IST" name="createOrgtest" finished-at="2025-03-13T16:30:39 IST" duration-ms="6" status="PASS">
          <reporter-output>
          </reporter-output>
        </test-method> <!-- createOrgtest -->
        <test-method signature="modifyOrgtest()[pri:0, instance:pac2.orgTest@5276e6b0]" started-at="2025-03-13T16:30:39 IST" name="modifyOrgtest" finished-at="2025-03-13T16:30:39 IST" duration-ms="1" status="PASS">
          <reporter-output>
          </reporter-output>
        </test-method> <!-- modifyOrgtest -->
      </class> <!-- pac2.orgTest -->
      <class name="pac1.ContactTest">
        <test-method signature="createContacttest()[pri:0, instance:pac1.ContactTest@3c9d0b9d]" started-at="2025-03-13T16:30:39 IST" name="createContacttest" finished-at="2025-03-13T16:30:39 IST" duration-ms="8" status="PASS">
          <reporter-output>
          </reporter-output>
        </test-method> <!-- createContacttest -->
        <test-method signature="modifyContacttest()[pri:0, instance:pac1.ContactTest@3c9d0b9d]" started-at="2025-03-13T16:30:39 IST" name="modifyContacttest" finished-at="2025-03-13T16:30:39 IST" duration-ms="1" status="PASS">
          <reporter-output>
          </reporter-output>
        </test-method> <!-- modifyContacttest -->
      </class> <!-- pac1.ContactTest -->
    </test> <!-- Surefire test -->
  </suite> <!-- Surefire suite -->
</testng-results>
